This is pdfTeX, Version 3.141592653-2.6-1.40.25 (TeX Live 2023) (preloaded format=pdflatex 2023.10.28)  10 APR 2024 14:37
entering extended mode
 restricted \write18 enabled.
 %&-line parsing enabled.
**main-thesis.tex
(./main-thesis.tex
LaTeX2e <2022-11-01> patch level 1
L3 programming layer <2023-02-22> (./ubcthesis.cls
Document Class: ubcthesis 2015/05/31 v1.72 
 University of British Columbia Thesis Class
(./genthesis.cls
Document Class: genthesis 2015/05/31 v1.72 
 University of British Columbia Thesis Class
\hours=\count185
\minutes=\count186
\UBCT@oldtextwidth=\skip48
\UBCT@oldtextheight=\skip49
\UBCT@oldoddsidemargin=\skip50
\UBCT@oldevensidemargin=\skip51
\UBCT@oldtopmargin=\skip52
\UBCT@oldtopskip=\skip53
\UBCT@old@colht=\skip54
\UBCT@old@colroom=\skip55
\UBCT@oldvsize=\skip56
\UBCT@oldcolumnwidth=\skip57
\UBCT@oldhsize=\skip58
\UBCT@oldlinewidth=\skip59
\UBCT@oldparindent=\skip60
\UBCT@oldmarginparsep=\skip61
\UBCT@oldmarginparwidth=\skip62
\partbetweenskip=\skip63
\chapterbeforeskip=\skip64
\chapterbetweenskip=\skip65
\chapterafterskip=\skip66
\sectionindent=\skip67
\sectionbeforeskip=\skip68
\sectionafterskip=\skip69
\subsectionindent=\skip70
\subsectionbeforeskip=\skip71
\subsectionafterskip=\skip72
\subsubsectionindent=\skip73
\subsubsectionbeforeskip=\skip74
\subsubsectionafterskip=\skip75
\paragraphindent=\skip76
\paragraphbeforeskip=\skip77
\paragraphafterskip=\skip78
\subparagraphindent=\skip79
\subparagraphbeforeskip=\skip80
\subparagraphafterskip=\skip81
(/usr/local/texlive/2023/texmf-dist/tex/latex/base/bk11.clo
File: bk11.clo 2022/07/02 v1.4n Standard LaTeX file (size option)
)
\headlinespace=\skip82
\titlemarginleft=\skip83
\titlemarginright=\skip84
\titlemargintop=\skip85
\titlemarginbottom=\skip86
\c@@oldsecnumdepth=\count187
\c@part=\count188
\c@chapter=\count189
\c@section=\count190
\c@subsection=\count191
\c@subsubsection=\count192
\c@paragraph=\count193
\c@subparagraph=\count194
\c@figure=\count195
\c@table=\count196
\abovecaptionskip=\skip87
\belowcaptionskip=\skip88
\bibindent=\dimen140
)
\@logocopywidth=\skip89
\@logocopyheight=\skip90
\@logowidth=\skip91
)
(/usr/local/texlive/2023/texmf-dist/tex/latex/geometry/geometry.sty
Package: geometry 2020/01/02 v5.9 Page Geometry

(/usr/local/texlive/2023/texmf-dist/tex/latex/graphics/keyval.sty
Package: keyval 2022/05/29 v1.15 key=value parser (DPC)
\KV@toks@=\toks16
)
(/usr/local/texlive/2023/texmf-dist/tex/generic/iftex/ifvtex.sty
Package: ifvtex 2019/10/25 v1.7 ifvtex legacy package. Use iftex instead.

(/usr/local/texlive/2023/texmf-dist/tex/generic/iftex/iftex.sty
Package: iftex 2022/02/03 v1.0f TeX engine tests
))
\Gm@cnth=\count197
\Gm@cntv=\count198
\c@Gm@tempcnt=\count199
\Gm@bindingoffset=\dimen141
\Gm@wd@mp=\dimen142
\Gm@odd@mp=\dimen143
\Gm@even@mp=\dimen144
\Gm@layoutwidth=\dimen145
\Gm@layoutheight=\dimen146
\Gm@layouthoffset=\dimen147
\Gm@layoutvoffset=\dimen148
\Gm@dimlist=\toks17
)
(/usr/local/texlive/2023/texmf-dist/tex/latex/tools/afterpage.sty
Package: afterpage 2014/10/28 v1.08 After-Page Package (DPC)
\AP@output=\toks18
\AP@partial=\box51
\AP@footins=\box52
)
(/usr/local/texlive/2023/texmf-dist/tex/latex/xcolor/xcolor.sty
Package: xcolor 2022/06/12 v2.14 LaTeX color extensions (UK)

(/usr/local/texlive/2023/texmf-dist/tex/latex/graphics-cfg/color.cfg
File: color.cfg 2016/01/02 v1.6 sample color configuration
)
Package xcolor Info: Driver file: pdftex.def on input line 227.

(/usr/local/texlive/2023/texmf-dist/tex/latex/graphics-def/pdftex.def
File: pdftex.def 2022/09/22 v1.2b Graphics/color driver for pdftex
)
(/usr/local/texlive/2023/texmf-dist/tex/latex/graphics/mathcolor.ltx)
Package xcolor Info: Model `cmy' substituted by `cmy0' on input line 1353.
Package xcolor Info: Model `hsb' substituted by `rgb' on input line 1357.
Package xcolor Info: Model `RGB' extended on input line 1369.
Package xcolor Info: Model `HTML' substituted by `rgb' on input line 1371.
Package xcolor Info: Model `Hsb' substituted by `hsb' on input line 1372.
Package xcolor Info: Model `tHsb' substituted by `hsb' on input line 1373.
Package xcolor Info: Model `HSB' substituted by `hsb' on input line 1374.
Package xcolor Info: Model `Gray' substituted by `gray' on input line 1375.
Package xcolor Info: Model `wave' substituted by `hsb' on input line 1376.
)
(/usr/local/texlive/2023/texmf-dist/tex/latex/float/float.sty
Package: float 2001/11/08 v1.3d Float enhancements (AL)
\c@float@type=\count266
\float@exts=\toks19
\float@box=\box53
\@float@everytoks=\toks20
\@floatcapt=\box54
)
(/usr/local/texlive/2023/texmf-dist/tex/latex/amsmath/amsmath.sty
Package: amsmath 2022/04/08 v2.17n AMS math features
\@mathmargin=\skip92

For additional information on amsmath, use the `?' option.
(/usr/local/texlive/2023/texmf-dist/tex/latex/amsmath/amstext.sty
Package: amstext 2021/08/26 v2.01 AMS text

(/usr/local/texlive/2023/texmf-dist/tex/latex/amsmath/amsgen.sty
File: amsgen.sty 1999/11/30 v2.0 generic functions
\@emptytoks=\toks21
\ex@=\dimen149
))
(/usr/local/texlive/2023/texmf-dist/tex/latex/amsmath/amsbsy.sty
Package: amsbsy 1999/11/29 v1.2d Bold Symbols
\pmbraise@=\dimen150
)
(/usr/local/texlive/2023/texmf-dist/tex/latex/amsmath/amsopn.sty
Package: amsopn 2022/04/08 v2.04 operator names
)
\inf@bad=\count267
LaTeX Info: Redefining \frac on input line 234.
\uproot@=\count268
\leftroot@=\count269
LaTeX Info: Redefining \overline on input line 399.
LaTeX Info: Redefining \colon on input line 410.
\classnum@=\count270
\DOTSCASE@=\count271
LaTeX Info: Redefining \ldots on input line 496.
LaTeX Info: Redefining \dots on input line 499.
LaTeX Info: Redefining \cdots on input line 620.
\Mathstrutbox@=\box55
\strutbox@=\box56
LaTeX Info: Redefining \big on input line 722.
LaTeX Info: Redefining \Big on input line 723.
LaTeX Info: Redefining \bigg on input line 724.
LaTeX Info: Redefining \Bigg on input line 725.
\big@size=\dimen151
LaTeX Font Info:    Redeclaring font encoding OML on input line 743.
LaTeX Font Info:    Redeclaring font encoding OMS on input line 744.
\macc@depth=\count272
LaTeX Info: Redefining \bmod on input line 905.
LaTeX Info: Redefining \pmod on input line 910.
LaTeX Info: Redefining \smash on input line 940.
LaTeX Info: Redefining \relbar on input line 970.
LaTeX Info: Redefining \Relbar on input line 971.
\c@MaxMatrixCols=\count273
\dotsspace@=\muskip16
\c@parentequation=\count274
\dspbrk@lvl=\count275
\tag@help=\toks22
\row@=\count276
\column@=\count277
\maxfields@=\count278
\andhelp@=\toks23
\eqnshift@=\dimen152
\alignsep@=\dimen153
\tagshift@=\dimen154
\tagwidth@=\dimen155
\totwidth@=\dimen156
\lineht@=\dimen157
\@envbody=\toks24
\multlinegap=\skip93
\multlinetaggap=\skip94
\mathdisplay@stack=\toks25
LaTeX Info: Redefining \[ on input line 2953.
LaTeX Info: Redefining \] on input line 2954.
)
(/usr/local/texlive/2023/texmf-dist/tex/latex/tools/bm.sty
Package: bm 2022/01/05 v1.2f Bold Symbol Support (DPC/FMi)
\symboldoperators=\mathgroup4
\symboldletters=\mathgroup5
\symboldsymbols=\mathgroup6
Package bm Info: No bold for \OMX/cmex/m/n, using \pmb.
LaTeX Font Info:    Redeclaring math alphabet \mathbf on input line 149.
)
(/usr/local/texlive/2023/texmf-dist/tex/latex/pgf/frontendlayer/tikz.sty
(/usr/local/texlive/2023/texmf-dist/tex/latex/pgf/basiclayer/pgf.sty
(/usr/local/texlive/2023/texmf-dist/tex/latex/pgf/utilities/pgfrcs.sty
(/usr/local/texlive/2023/texmf-dist/tex/generic/pgf/utilities/pgfutil-common.te
x
\pgfutil@everybye=\toks26
\pgfutil@tempdima=\dimen158
\pgfutil@tempdimb=\dimen159
)
(/usr/local/texlive/2023/texmf-dist/tex/generic/pgf/utilities/pgfutil-latex.def
\pgfutil@abb=\box57
) (/usr/local/texlive/2023/texmf-dist/tex/generic/pgf/utilities/pgfrcs.code.tex
(/usr/local/texlive/2023/texmf-dist/tex/generic/pgf/pgf.revision.tex)
Package: pgfrcs 2023-01-15 v3.1.10 (3.1.10)
))
Package: pgf 2023-01-15 v3.1.10 (3.1.10)

(/usr/local/texlive/2023/texmf-dist/tex/latex/pgf/basiclayer/pgfcore.sty
(/usr/local/texlive/2023/texmf-dist/tex/latex/graphics/graphicx.sty
Package: graphicx 2021/09/16 v1.2d Enhanced LaTeX Graphics (DPC,SPQR)

(/usr/local/texlive/2023/texmf-dist/tex/latex/graphics/graphics.sty
Package: graphics 2022/03/10 v1.4e Standard LaTeX Graphics (DPC,SPQR)

(/usr/local/texlive/2023/texmf-dist/tex/latex/graphics/trig.sty
Package: trig 2021/08/11 v1.11 sin cos tan (DPC)
)
(/usr/local/texlive/2023/texmf-dist/tex/latex/graphics-cfg/graphics.cfg
File: graphics.cfg 2016/06/04 v1.11 sample graphics configuration
)
Package graphics Info: Driver file: pdftex.def on input line 107.
)
\Gin@req@height=\dimen160
\Gin@req@width=\dimen161
)
(/usr/local/texlive/2023/texmf-dist/tex/latex/pgf/systemlayer/pgfsys.sty
(/usr/local/texlive/2023/texmf-dist/tex/generic/pgf/systemlayer/pgfsys.code.tex
Package: pgfsys 2023-01-15 v3.1.10 (3.1.10)
(/usr/local/texlive/2023/texmf-dist/tex/generic/pgf/utilities/pgfkeys.code.tex
\pgfkeys@pathtoks=\toks27
\pgfkeys@temptoks=\toks28

(/usr/local/texlive/2023/texmf-dist/tex/generic/pgf/utilities/pgfkeyslibraryfil
tered.code.tex
\pgfkeys@tmptoks=\toks29
))
\pgf@x=\dimen162
\pgf@y=\dimen163
\pgf@xa=\dimen164
\pgf@ya=\dimen165
\pgf@xb=\dimen166
\pgf@yb=\dimen167
\pgf@xc=\dimen168
\pgf@yc=\dimen169
\pgf@xd=\dimen170
\pgf@yd=\dimen171
\w@pgf@writea=\write3
\r@pgf@reada=\read2
\c@pgf@counta=\count279
\c@pgf@countb=\count280
\c@pgf@countc=\count281
\c@pgf@countd=\count282
\t@pgf@toka=\toks30
\t@pgf@tokb=\toks31
\t@pgf@tokc=\toks32
\pgf@sys@id@count=\count283

(/usr/local/texlive/2023/texmf-dist/tex/generic/pgf/systemlayer/pgf.cfg
File: pgf.cfg 2023-01-15 v3.1.10 (3.1.10)
)
Driver file for pgf: pgfsys-pdftex.def

(/usr/local/texlive/2023/texmf-dist/tex/generic/pgf/systemlayer/pgfsys-pdftex.d
ef
File: pgfsys-pdftex.def 2023-01-15 v3.1.10 (3.1.10)

(/usr/local/texlive/2023/texmf-dist/tex/generic/pgf/systemlayer/pgfsys-common-p
df.def
File: pgfsys-common-pdf.def 2023-01-15 v3.1.10 (3.1.10)
)))
(/usr/local/texlive/2023/texmf-dist/tex/generic/pgf/systemlayer/pgfsyssoftpath.
code.tex
File: pgfsyssoftpath.code.tex 2023-01-15 v3.1.10 (3.1.10)
\pgfsyssoftpath@smallbuffer@items=\count284
\pgfsyssoftpath@bigbuffer@items=\count285
)
(/usr/local/texlive/2023/texmf-dist/tex/generic/pgf/systemlayer/pgfsysprotocol.
code.tex
File: pgfsysprotocol.code.tex 2023-01-15 v3.1.10 (3.1.10)
))
(/usr/local/texlive/2023/texmf-dist/tex/generic/pgf/basiclayer/pgfcore.code.tex
Package: pgfcore 2023-01-15 v3.1.10 (3.1.10)
(/usr/local/texlive/2023/texmf-dist/tex/generic/pgf/math/pgfmath.code.tex
(/usr/local/texlive/2023/texmf-dist/tex/generic/pgf/math/pgfmathutil.code.tex)
(/usr/local/texlive/2023/texmf-dist/tex/generic/pgf/math/pgfmathparser.code.tex
\pgfmath@dimen=\dimen172
\pgfmath@count=\count286
\pgfmath@box=\box58
\pgfmath@toks=\toks33
\pgfmath@stack@operand=\toks34
\pgfmath@stack@operation=\toks35
)
(/usr/local/texlive/2023/texmf-dist/tex/generic/pgf/math/pgfmathfunctions.code.
tex)
(/usr/local/texlive/2023/texmf-dist/tex/generic/pgf/math/pgfmathfunctions.basic
.code.tex)
(/usr/local/texlive/2023/texmf-dist/tex/generic/pgf/math/pgfmathfunctions.trigo
nometric.code.tex)
(/usr/local/texlive/2023/texmf-dist/tex/generic/pgf/math/pgfmathfunctions.rando
m.code.tex)
(/usr/local/texlive/2023/texmf-dist/tex/generic/pgf/math/pgfmathfunctions.compa
rison.code.tex)
(/usr/local/texlive/2023/texmf-dist/tex/generic/pgf/math/pgfmathfunctions.base.
code.tex)
(/usr/local/texlive/2023/texmf-dist/tex/generic/pgf/math/pgfmathfunctions.round
.code.tex)
(/usr/local/texlive/2023/texmf-dist/tex/generic/pgf/math/pgfmathfunctions.misc.
code.tex)
(/usr/local/texlive/2023/texmf-dist/tex/generic/pgf/math/pgfmathfunctions.integ
erarithmetics.code.tex)
(/usr/local/texlive/2023/texmf-dist/tex/generic/pgf/math/pgfmathcalc.code.tex)
(/usr/local/texlive/2023/texmf-dist/tex/generic/pgf/math/pgfmathfloat.code.tex
\c@pgfmathroundto@lastzeros=\count287
)) (/usr/local/texlive/2023/texmf-dist/tex/generic/pgf/math/pgfint.code.tex)
(/usr/local/texlive/2023/texmf-dist/tex/generic/pgf/basiclayer/pgfcorepoints.co
de.tex
File: pgfcorepoints.code.tex 2023-01-15 v3.1.10 (3.1.10)
\pgf@picminx=\dimen173
\pgf@picmaxx=\dimen174
\pgf@picminy=\dimen175
\pgf@picmaxy=\dimen176
\pgf@pathminx=\dimen177
\pgf@pathmaxx=\dimen178
\pgf@pathminy=\dimen179
\pgf@pathmaxy=\dimen180
\pgf@xx=\dimen181
\pgf@xy=\dimen182
\pgf@yx=\dimen183
\pgf@yy=\dimen184
\pgf@zx=\dimen185
\pgf@zy=\dimen186
)
(/usr/local/texlive/2023/texmf-dist/tex/generic/pgf/basiclayer/pgfcorepathconst
ruct.code.tex
File: pgfcorepathconstruct.code.tex 2023-01-15 v3.1.10 (3.1.10)
\pgf@path@lastx=\dimen187
\pgf@path@lasty=\dimen188
)
(/usr/local/texlive/2023/texmf-dist/tex/generic/pgf/basiclayer/pgfcorepathusage
.code.tex
File: pgfcorepathusage.code.tex 2023-01-15 v3.1.10 (3.1.10)
\pgf@shorten@end@additional=\dimen189
\pgf@shorten@start@additional=\dimen190
)
(/usr/local/texlive/2023/texmf-dist/tex/generic/pgf/basiclayer/pgfcorescopes.co
de.tex
File: pgfcorescopes.code.tex 2023-01-15 v3.1.10 (3.1.10)
\pgfpic=\box59
\pgf@hbox=\box60
\pgf@layerbox@main=\box61
\pgf@picture@serial@count=\count288
)
(/usr/local/texlive/2023/texmf-dist/tex/generic/pgf/basiclayer/pgfcoregraphicst
ate.code.tex
File: pgfcoregraphicstate.code.tex 2023-01-15 v3.1.10 (3.1.10)
\pgflinewidth=\dimen191
)
(/usr/local/texlive/2023/texmf-dist/tex/generic/pgf/basiclayer/pgfcoretransform
ations.code.tex
File: pgfcoretransformations.code.tex 2023-01-15 v3.1.10 (3.1.10)
\pgf@pt@x=\dimen192
\pgf@pt@y=\dimen193
\pgf@pt@temp=\dimen194
)
(/usr/local/texlive/2023/texmf-dist/tex/generic/pgf/basiclayer/pgfcorequick.cod
e.tex
File: pgfcorequick.code.tex 2023-01-15 v3.1.10 (3.1.10)
)
(/usr/local/texlive/2023/texmf-dist/tex/generic/pgf/basiclayer/pgfcoreobjects.c
ode.tex
File: pgfcoreobjects.code.tex 2023-01-15 v3.1.10 (3.1.10)
)
(/usr/local/texlive/2023/texmf-dist/tex/generic/pgf/basiclayer/pgfcorepathproce
ssing.code.tex
File: pgfcorepathprocessing.code.tex 2023-01-15 v3.1.10 (3.1.10)
)
(/usr/local/texlive/2023/texmf-dist/tex/generic/pgf/basiclayer/pgfcorearrows.co
de.tex
File: pgfcorearrows.code.tex 2023-01-15 v3.1.10 (3.1.10)
\pgfarrowsep=\dimen195
)
(/usr/local/texlive/2023/texmf-dist/tex/generic/pgf/basiclayer/pgfcoreshade.cod
e.tex
File: pgfcoreshade.code.tex 2023-01-15 v3.1.10 (3.1.10)
\pgf@max=\dimen196
\pgf@sys@shading@range@num=\count289
\pgf@shadingcount=\count290
)
(/usr/local/texlive/2023/texmf-dist/tex/generic/pgf/basiclayer/pgfcoreimage.cod
e.tex
File: pgfcoreimage.code.tex 2023-01-15 v3.1.10 (3.1.10)
)
(/usr/local/texlive/2023/texmf-dist/tex/generic/pgf/basiclayer/pgfcoreexternal.
code.tex
File: pgfcoreexternal.code.tex 2023-01-15 v3.1.10 (3.1.10)
\pgfexternal@startupbox=\box62
)
(/usr/local/texlive/2023/texmf-dist/tex/generic/pgf/basiclayer/pgfcorelayers.co
de.tex
File: pgfcorelayers.code.tex 2023-01-15 v3.1.10 (3.1.10)
)
(/usr/local/texlive/2023/texmf-dist/tex/generic/pgf/basiclayer/pgfcoretranspare
ncy.code.tex
File: pgfcoretransparency.code.tex 2023-01-15 v3.1.10 (3.1.10)
)
(/usr/local/texlive/2023/texmf-dist/tex/generic/pgf/basiclayer/pgfcorepatterns.
code.tex
File: pgfcorepatterns.code.tex 2023-01-15 v3.1.10 (3.1.10)
)
(/usr/local/texlive/2023/texmf-dist/tex/generic/pgf/basiclayer/pgfcorerdf.code.
tex
File: pgfcorerdf.code.tex 2023-01-15 v3.1.10 (3.1.10)
)))
(/usr/local/texlive/2023/texmf-dist/tex/generic/pgf/modules/pgfmoduleshapes.cod
e.tex
File: pgfmoduleshapes.code.tex 2023-01-15 v3.1.10 (3.1.10)
\pgfnodeparttextbox=\box63
)
(/usr/local/texlive/2023/texmf-dist/tex/generic/pgf/modules/pgfmoduleplot.code.
tex
File: pgfmoduleplot.code.tex 2023-01-15 v3.1.10 (3.1.10)
)
(/usr/local/texlive/2023/texmf-dist/tex/latex/pgf/compatibility/pgfcomp-version
-0-65.sty
Package: pgfcomp-version-0-65 2023-01-15 v3.1.10 (3.1.10)
\pgf@nodesepstart=\dimen197
\pgf@nodesepend=\dimen198
)
(/usr/local/texlive/2023/texmf-dist/tex/latex/pgf/compatibility/pgfcomp-version
-1-18.sty
Package: pgfcomp-version-1-18 2023-01-15 v3.1.10 (3.1.10)
))
(/usr/local/texlive/2023/texmf-dist/tex/latex/pgf/utilities/pgffor.sty
(/usr/local/texlive/2023/texmf-dist/tex/latex/pgf/utilities/pgfkeys.sty
(/usr/local/texlive/2023/texmf-dist/tex/generic/pgf/utilities/pgfkeys.code.tex)
) (/usr/local/texlive/2023/texmf-dist/tex/latex/pgf/math/pgfmath.sty
(/usr/local/texlive/2023/texmf-dist/tex/generic/pgf/math/pgfmath.code.tex))
(/usr/local/texlive/2023/texmf-dist/tex/generic/pgf/utilities/pgffor.code.tex
Package: pgffor 2023-01-15 v3.1.10 (3.1.10)
\pgffor@iter=\dimen199
\pgffor@skip=\dimen256
\pgffor@stack=\toks36
\pgffor@toks=\toks37
))
(/usr/local/texlive/2023/texmf-dist/tex/generic/pgf/frontendlayer/tikz/tikz.cod
e.tex
Package: tikz 2023-01-15 v3.1.10 (3.1.10)

(/usr/local/texlive/2023/texmf-dist/tex/generic/pgf/libraries/pgflibraryplothan
dlers.code.tex
File: pgflibraryplothandlers.code.tex 2023-01-15 v3.1.10 (3.1.10)
\pgf@plot@mark@count=\count291
\pgfplotmarksize=\dimen257
)
\tikz@lastx=\dimen258
\tikz@lasty=\dimen259
\tikz@lastxsaved=\dimen260
\tikz@lastysaved=\dimen261
\tikz@lastmovetox=\dimen262
\tikz@lastmovetoy=\dimen263
\tikzleveldistance=\dimen264
\tikzsiblingdistance=\dimen265
\tikz@figbox=\box64
\tikz@figbox@bg=\box65
\tikz@tempbox=\box66
\tikz@tempbox@bg=\box67
\tikztreelevel=\count292
\tikznumberofchildren=\count293
\tikznumberofcurrentchild=\count294
\tikz@fig@count=\count295

(/usr/local/texlive/2023/texmf-dist/tex/generic/pgf/modules/pgfmodulematrix.cod
e.tex
File: pgfmodulematrix.code.tex 2023-01-15 v3.1.10 (3.1.10)
\pgfmatrixcurrentrow=\count296
\pgfmatrixcurrentcolumn=\count297
\pgf@matrix@numberofcolumns=\count298
)
\tikz@expandcount=\count299

(/usr/local/texlive/2023/texmf-dist/tex/generic/pgf/frontendlayer/tikz/librarie
s/tikzlibrarytopaths.code.tex
File: tikzlibrarytopaths.code.tex 2023-01-15 v3.1.10 (3.1.10)
)))
(/usr/local/texlive/2023/texmf-dist/tex/latex/quantikz/quantikz.sty
Package: quantikz 2020/04/27 typeset quantum circuit diagrams

(/usr/local/texlive/2023/texmf-dist/tex/latex/quantikz/tikzlibraryquantikz.code
.tex (/usr/local/texlive/2023/texmf-dist/tex/latex/xargs/xargs.sty
Package: xargs 2008/03/22 v1.1  extended macro definitions  (mpg)

(/usr/local/texlive/2023/texmf-dist/tex/latex/xkeyval/xkeyval.sty
Package: xkeyval 2022/06/16 v2.9 package option processing (HA)

(/usr/local/texlive/2023/texmf-dist/tex/generic/xkeyval/xkeyval.tex
(/usr/local/texlive/2023/texmf-dist/tex/generic/xkeyval/xkvutils.tex
\XKV@toks=\toks38
\XKV@tempa@toks=\toks39
)
\XKV@depth=\count300
File: xkeyval.tex 2014/12/03 v2.7a key=value parser (HA)
))
\xargs@max=\count301
\xargs@toksa=\toks40
\xargs@toksb=\toks41
)
(/usr/local/texlive/2023/texmf-dist/tex/latex/base/ifthen.sty
Package: ifthen 2022/04/13 v1.1d Standard LaTeX ifthen package (DPC)
)
(/usr/local/texlive/2023/texmf-dist/tex/generic/xstring/xstring.sty
(/usr/local/texlive/2023/texmf-dist/tex/generic/xstring/xstring.tex
\integerpart=\count302
\decimalpart=\count303
)
Package: xstring 2023/01/14 v1.85 String manipulations (CT)
)
(/usr/local/texlive/2023/texmf-dist/tex/latex/l3packages/xparse/xparse.sty
(/usr/local/texlive/2023/texmf-dist/tex/latex/l3kernel/expl3.sty
Package: expl3 2023-02-22 L3 programming layer (loader) 

(/usr/local/texlive/2023/texmf-dist/tex/latex/l3backend/l3backend-pdftex.def
File: l3backend-pdftex.def 2023-01-16 L3 backend support: PDF output (pdfTeX)
\l__color_backend_stack_int=\count304
\l__pdf_internal_box=\box68
))
Package: xparse 2023-02-02 L3 Experimental document command parser
) (/usr/local/texlive/2023/texmf-dist/tex/latex/etoolbox/etoolbox.sty
Package: etoolbox 2020/10/05 v2.5k e-TeX tools for LaTeX (JAW)
\etb@tempcnta=\count305
)
(/usr/local/texlive/2023/texmf-dist/tex/latex/mathtools/mathtools.sty
Package: mathtools 2022/06/29 v1.29 mathematical typesetting tools

(/usr/local/texlive/2023/texmf-dist/tex/latex/tools/calc.sty
Package: calc 2017/05/25 v4.3 Infix arithmetic (KKT,FJ)
\calc@Acount=\count306
\calc@Bcount=\count307
\calc@Adimen=\dimen266
\calc@Bdimen=\dimen267
\calc@Askip=\skip95
\calc@Bskip=\skip96
LaTeX Info: Redefining \setlength on input line 80.
LaTeX Info: Redefining \addtolength on input line 81.
\calc@Ccount=\count308
\calc@Cskip=\skip97
)
(/usr/local/texlive/2023/texmf-dist/tex/latex/mathtools/mhsetup.sty
Package: mhsetup 2021/03/18 v1.4 programming setup (MH)
)
\g_MT_multlinerow_int=\count309
\l_MT_multwidth_dim=\dimen268
\origjot=\skip98
\l_MT_shortvdotswithinadjustabove_dim=\dimen269
\l_MT_shortvdotswithinadjustbelow_dim=\dimen270
\l_MT_above_intertext_sep=\dimen271
\l_MT_below_intertext_sep=\dimen272
\l_MT_above_shortintertext_sep=\dimen273
\l_MT_below_shortintertext_sep=\dimen274
\xmathstrut@box=\box69
\xmathstrut@dim=\dimen275
)
(/usr/local/texlive/2023/texmf-dist/tex/latex/environ/environ.sty
Package: environ 2014/05/04 v0.3 A new way to define environments

(/usr/local/texlive/2023/texmf-dist/tex/latex/trimspaces/trimspaces.sty
Package: trimspaces 2009/09/17 v1.1 Trim spaces around a token list
))
(/usr/local/texlive/2023/texmf-dist/tex/generic/tikz-cd/tikzlibrarycd.code.tex
(/usr/local/texlive/2023/texmf-dist/tex/generic/pgf/frontendlayer/tikz/librarie
s/tikzlibrarymatrix.code.tex
File: tikzlibrarymatrix.code.tex 2023-01-15 v3.1.10 (3.1.10)
)
(/usr/local/texlive/2023/texmf-dist/tex/generic/pgf/frontendlayer/tikz/librarie
s/tikzlibraryquotes.code.tex
File: tikzlibraryquotes.code.tex 2023-01-15 v3.1.10 (3.1.10)
)
(/usr/local/texlive/2023/texmf-dist/tex/generic/pgf/libraries/pgflibraryarrows.
meta.code.tex
File: pgflibraryarrows.meta.code.tex 2023-01-15 v3.1.10 (3.1.10)
\pgfarrowinset=\dimen276
\pgfarrowlength=\dimen277
\pgfarrowwidth=\dimen278
\pgfarrowlinewidth=\dimen279
))
(/usr/local/texlive/2023/texmf-dist/tex/generic/pgf/frontendlayer/tikz/librarie
s/tikzlibrarydecorations.pathreplacing.code.tex
(/usr/local/texlive/2023/texmf-dist/tex/generic/pgf/frontendlayer/tikz/librarie
s/tikzlibrarydecorations.code.tex
(/usr/local/texlive/2023/texmf-dist/tex/generic/pgf/modules/pgfmoduledecoration
s.code.tex
\pgfdecoratedcompleteddistance=\dimen280
\pgfdecoratedremainingdistance=\dimen281
\pgfdecoratedinputsegmentcompleteddistance=\dimen282
\pgfdecoratedinputsegmentremainingdistance=\dimen283
\pgf@decorate@distancetomove=\dimen284
\pgf@decorate@repeatstate=\count310
\pgfdecorationsegmentamplitude=\dimen285
\pgfdecorationsegmentlength=\dimen286
)
\tikz@lib@dec@box=\box70
)
(/usr/local/texlive/2023/texmf-dist/tex/generic/pgf/libraries/decorations/pgfli
brarydecorations.pathreplacing.code.tex))
(/usr/local/texlive/2023/texmf-dist/tex/generic/pgf/frontendlayer/tikz/librarie
s/tikzlibrarycalc.code.tex
File: tikzlibrarycalc.code.tex 2023-01-15 v3.1.10 (3.1.10)
)
(/usr/local/texlive/2023/texmf-dist/tex/generic/pgf/frontendlayer/tikz/librarie
s/tikzlibrarypositioning.code.tex
File: tikzlibrarypositioning.code.tex 2023-01-15 v3.1.10 (3.1.10)
)
(/usr/local/texlive/2023/texmf-dist/tex/generic/pgf/frontendlayer/tikz/librarie
s/tikzlibraryfit.code.tex
File: tikzlibraryfit.code.tex 2023-01-15 v3.1.10 (3.1.10)
)
(/usr/local/texlive/2023/texmf-dist/tex/generic/pgf/frontendlayer/tikz/librarie
s/tikzlibraryshapes.symbols.code.tex
File: tikzlibraryshapes.symbols.code.tex 2023-01-15 v3.1.10 (3.1.10)

(/usr/local/texlive/2023/texmf-dist/tex/generic/pgf/libraries/shapes/pgflibrary
shapes.symbols.code.tex
File: pgflibraryshapes.symbols.code.tex 2023-01-15 v3.1.10 (3.1.10)
))
(/usr/local/texlive/2023/texmf-dist/tex/generic/pgf/frontendlayer/tikz/librarie
s/tikzlibrarydecorations.pathmorphing.code.tex
(/usr/local/texlive/2023/texmf-dist/tex/generic/pgf/libraries/decorations/pgfli
brarydecorations.pathmorphing.code.tex))
(/usr/local/texlive/2023/texmf-dist/tex/generic/pgf/frontendlayer/tikz/librarie
s/tikzlibraryshapes.misc.code.tex
File: tikzlibraryshapes.misc.code.tex 2023-01-15 v3.1.10 (3.1.10)

(/usr/local/texlive/2023/texmf-dist/tex/generic/pgf/libraries/shapes/pgflibrary
shapes.misc.code.tex
File: pgflibraryshapes.misc.code.tex 2023-01-15 v3.1.10 (3.1.10)
))
(/usr/local/texlive/2023/texmf-dist/tex/generic/pgf/frontendlayer/tikz/librarie
s/tikzlibrarybackgrounds.code.tex
File: tikzlibrarybackgrounds.code.tex 2023-01-15 v3.1.10 (3.1.10)
\pgf@layerbox@background=\box71
\pgf@layerboxsaved@background=\box72
)
(/usr/local/texlive/2023/texmf-dist/tex/generic/pgf/frontendlayer/tikz/librarie
s/tikzlibrarydecorations.markings.code.tex
(/usr/local/texlive/2023/texmf-dist/tex/generic/pgf/libraries/decorations/pgfli
brarydecorations.markings.code.tex))
(/usr/local/texlive/2023/texmf-dist/tex/generic/pgf/frontendlayer/tikz/librarie
s/tikzlibrarymath.code.tex
(/usr/local/texlive/2023/texmf-dist/tex/generic/pgf/frontendlayer/tikz/librarie
s/tikzlibraryfpu.code.tex
(/usr/local/texlive/2023/texmf-dist/tex/generic/pgf/libraries/pgflibraryfpu.cod
e.tex))
\tikz@math@for@depth=\count311
\tikz@math@dimen=\dimen287
\tikz@math@toks=\toks42
)
\myl=\skip99
\myh=\skip100
\myd=\skip101
\c@aaa=\count312
))
(/usr/local/texlive/2023/texmf-dist/tex/latex/tabularray/tabularray.sty
Package: tabularray 2023-03-01 v2023A Typeset tabulars and arrays with LaTeX3
\l__tblr_a_int=\count313
\l__tblr_c_int=\count314
\l__tblr_r_int=\count315
\l__tblr_d_dim=\dimen288
\l__tblr_h_dim=\dimen289
\l__tblr_o_dim=\dimen290
\l__tblr_p_dim=\dimen291
\l__tblr_q_dim=\dimen292
\l__tblr_r_dim=\dimen293
\l__tblr_s_dim=\dimen294
\l__tblr_t_dim=\dimen295
\l__tblr_v_dim=\dimen296
\l__tblr_w_dim=\dimen297
\l__tblr_a_box=\box73
\l__tblr_b_box=\box74
\l__tblr_c_box=\box75
\l__tblr_d_box=\box76
\g__tblr_table_count_int=\count316
\c@rownum=\count317
\c@colnum=\count318
\c@rowcount=\count319
\c@colcount=\count320
\abovesep=\dimen298
\belowsep=\dimen299
\leftsep=\dimen300
\rightsep=\dimen301
\g_tblr_level_int=\count321
\g__tblr_data_row_key_count_int=\count322
\g__tblr_data_column_key_count_int=\count323
\g__tblr_data_cell_key_count_int=\count324
\g__tblr_array_int=\count325
\l__tblr_key_count_int=\count326
\l__tblr_key_quotient_int=\count327
\l__tblr_key_quotient_two_int=\count328
\l__tblr_key_remainder_int=\count329
\g__tblr_data_str_value_count_int=\count330
\rulewidth=\dimen302
\l__tblr_strut_dp_dim=\dimen303
\l__tblr_strut_ht_dim=\dimen304
\g__tblr_cell_wd_dim=\dimen305
\g__tblr_cell_ht_dim=\dimen306
\g__tblr_cell_head_dim=\dimen307
\g__tblr_cell_foot_dim=\dimen308
\l__column_target_dim=\dimen309
\l__tblr_caption_box=\box77
\l__tblr_caption_left_box=\box78
\l__tblr_row_head_box=\box79
\l__tblr_row_foot_box=\box80
\l__tblr_row_head_foot_dim=\dimen310
\tablewidth=\dimen311
\l__tblr_table_firsthead_box=\box81
\l__tblr_table_middlehead_box=\box82
\l__tblr_table_lasthead_box=\box83
\l__tblr_table_firstfoot_box=\box84
\l__tblr_table_middlefoot_box=\box85
\l__tblr_table_lastfoot_box=\box86
\l__tblr_remain_height_dim=\dimen312
\l__tblr_long_from_int=\count331
\l__tblr_long_to_int=\count332
\l__tblr_curr_i_int=\count333
\l__tblr_prev_i_int=\count334
\l__tblr_table_page_int=\count335
\l__tblr_table_head_box=\box87
\l__tblr_table_foot_box=\box88
\l__tblr_table_head_foot_dim=\dimen313
\l__tblr_table_head_body_foot_dim=\dimen314
\l__tblr_table_box=\box89
\l__tblr_table_hlines_box=\box90
\l__tblr_hline_box=\box91
\l__tblr_row_box=\box92
\l__tblr_col_o_wd_dim=\dimen315
\l__tblr_col_b_wd_dim=\dimen316
\l__tblr_hline_leftskip_dim=\dimen317
\l__tblr_hline_rightskip_dim=\dimen318
\l__tblr_row_ht_dim=\dimen319
\l__tblr_row_dp_dim=\dimen320
\l__tblr_row_abovesep_dim=\dimen321
\l__tblr_row_belowsep_dim=\dimen322
\l__tblr_row_vlines_box=\box93
\l__tblr_vline_box=\box94
\l__tblr_cell_box=\box95
\l__row_upper_dim=\dimen323
\l__row_lower_dim=\dimen324
\l__row_vpace_dim=\dimen325
\l__tblr_vline_aboveskip_dim=\dimen326
\l__tblr_vline_belowskip_dim=\dimen327
\l__tblr_cell_wd_dim=\dimen328
\l__tblr_cell_ht_dim=\dimen329
\l__tblr_diag_box=\box96
)
(/usr/local/texlive/2023/texmf-dist/tex/latex/doublestroke/dsfont.sty
Package: dsfont 1995/08/01 v0.1 Double stroke roman fonts
)
(/usr/local/texlive/2023/texmf-dist/tex/latex/booktabs/booktabs.sty
Package: booktabs 2020/01/12 v1.61803398 Publication quality tables
\heavyrulewidth=\dimen330
\lightrulewidth=\dimen331
\cmidrulewidth=\dimen332
\belowrulesep=\dimen333
\belowbottomsep=\dimen334
\aboverulesep=\dimen335
\abovetopsep=\dimen336
\cmidrulesep=\dimen337
\cmidrulekern=\dimen338
\defaultaddspace=\dimen339
\@cmidla=\count336
\@cmidlb=\count337
\@aboverulesep=\dimen340
\@belowrulesep=\dimen341
\@thisruleclass=\count338
\@lastruleclass=\count339
\@thisrulewidth=\dimen342
)
(/usr/local/texlive/2023/texmf-dist/tex/latex/multirow/multirow.sty
Package: multirow 2021/03/15 v2.8 Span multiple rows of a table
\multirow@colwidth=\skip102
\multirow@cntb=\count340
\multirow@dima=\skip103
\bigstrutjot=\dimen343
)
(/usr/local/texlive/2023/texmf-dist/tex/latex/amsfonts/amsfonts.sty
Package: amsfonts 2013/01/14 v3.01 Basic AMSFonts support
\symAMSa=\mathgroup7
\symAMSb=\mathgroup8
LaTeX Font Info:    Redeclaring math symbol \hbar on input line 98.
LaTeX Font Info:    Overwriting math alphabet `\mathfrak' in version `bold'
(Font)                  U/euf/m/n --> U/euf/b/n on input line 106.
)
(/usr/local/texlive/2023/texmf-dist/tex/latex/caption/caption.sty
Package: caption 2023/03/12 v3.6j Customizing captions (AR)

(/usr/local/texlive/2023/texmf-dist/tex/latex/caption/caption3.sty
Package: caption3 2023/03/12 v2.4 caption3 kernel (AR)
\caption@tempdima=\dimen344
\captionmargin=\dimen345
\caption@leftmargin=\dimen346
\caption@rightmargin=\dimen347
\caption@width=\dimen348
\caption@indent=\dimen349
\caption@parindent=\dimen350
\caption@hangindent=\dimen351
Package caption Info: Unknown document class (or package),
(caption)             standard defaults will be used.
Package caption Info: \@makecaption = \long macro:#1#2->\vskip \abovecaptionski
p \sbox \@tempboxa {{\captionheaderfont #1:} {\captionbodyfont #2}}\ifdim \wd \
@tempboxa >\hsize \if@hangingcaptions \@hangfrom {\captionheaderfont #1: }{\cap
tionbodyfont #2\par }\else {\captionheaderfont #1: }{\captionbodyfont #2\par }\
fi \else \global \@minipagefalse \hb@xt@ \hsize {\hfil \box \@tempboxa \hfil }\
fi \vskip \belowcaptionskip  on input line 1176.
)

Package caption Warning: Unknown document class (or package),
(caption)                standard defaults will be used.
See the caption package documentation for explanation.

\c@caption@flags=\count341
\c@continuedfloat=\count342
Package caption Info: float package is loaded.
) (/usr/local/texlive/2023/texmf-dist/tex/latex/caption/subcaption.sty
Package: subcaption 2023/02/19 v1.6 Sub-captions (AR)
Package caption Info: New subtype `subfigure' on input line 239.
\c@subfigure=\count343
Package caption Info: New subtype `subtable' on input line 239.
\c@subtable=\count344
)
(/usr/local/texlive/2023/texmf-dist/tex/generic/pgf/frontendlayer/tikz/librarie
s/tikzlibraryshapes.geometric.code.tex
File: tikzlibraryshapes.geometric.code.tex 2023-01-15 v3.1.10 (3.1.10)

(/usr/local/texlive/2023/texmf-dist/tex/generic/pgf/libraries/shapes/pgflibrary
shapes.geometric.code.tex
File: pgflibraryshapes.geometric.code.tex 2023-01-15 v3.1.10 (3.1.10)
))
(/usr/local/texlive/2023/texmf-dist/tex/latex/tools/longtable.sty
Package: longtable 2021-09-01 v4.17 Multi-page Table package (DPC)
\LTleft=\skip104
\LTright=\skip105
\LTpre=\skip106
\LTpost=\skip107
\LTchunksize=\count345
\LTcapwidth=\dimen352
\LT@head=\box97
\LT@firsthead=\box98
\LT@foot=\box99
\LT@lastfoot=\box100
\LT@gbox=\box101
\LT@cols=\count346
\LT@rows=\count347
\c@LT@tables=\count348
\c@LT@chunks=\count349
\LT@p@ftn=\toks43
)
(/usr/local/texlive/2023/texmf-dist/tex/latex/pdflscape/pdflscape.sty
Package: pdflscape 2022-10-27 v0.13 Display of landscape pages in PDF

(/usr/local/texlive/2023/texmf-dist/tex/latex/pdflscape/pdflscape-nometadata.st
y
Package: pdflscape-nometadata 2022-10-28 v0.13 Display of landscape pages in PD
F (HO)
 (/usr/local/texlive/2023/texmf-dist/tex/latex/graphics/lscape.sty
Package: lscape 2020/05/28 v3.02 Landscape Pages (DPC)
)
Package pdflscape Info: Auto-detected driver: pdftex on input line 81.
))
(/usr/local/texlive/2023/texmf-dist/tex/latex/pdfpages/pdfpages.sty
Package: pdfpages 2022/12/19 v0.5x Insert pages of external PDF documents (AM)

(/usr/local/texlive/2023/texmf-dist/tex/latex/eso-pic/eso-pic.sty
Package: eso-pic 2020/10/14 v3.0a eso-pic (RN)
\ESO@tempdima=\dimen353
\ESO@tempdimb=\dimen354
)
\AM@pagewidth=\dimen355
\AM@pageheight=\dimen356
\AM@fboxrule=\dimen357

(/usr/local/texlive/2023/texmf-dist/tex/latex/pdfpages/pppdftex.def
File: pppdftex.def 2022/12/19 v0.5x Pdfpages driver for pdfTeX (AM)
)
\pdfpages@includegraphics@status=\count350
\AM@pagebox=\box102
\AM@global@opts=\toks44
\AM@pagecnt=\count351
\AM@toc@title=\toks45
\AM@lof@heading=\toks46
\c@AM@survey=\count352
\AM@templatesizebox=\box103
)
(/usr/local/texlive/2023/texmf-dist/tex/latex/natbib/natbib.sty
Package: natbib 2010/09/13 8.31b (PWD, AO)
\bibhang=\skip108
\bibsep=\skip109
LaTeX Info: Redefining \cite on input line 694.
\c@NAT@ctr=\count353
)
(/usr/local/texlive/2023/texmf-dist/tex/latex/hyperref/hyperref.sty
Package: hyperref 2023-02-07 v7.00v Hypertext links for LaTeX

(/usr/local/texlive/2023/texmf-dist/tex/generic/ltxcmds/ltxcmds.sty
Package: ltxcmds 2020-05-10 v1.25 LaTeX kernel commands for general use (HO)
)
(/usr/local/texlive/2023/texmf-dist/tex/generic/pdftexcmds/pdftexcmds.sty
Package: pdftexcmds 2020-06-27 v0.33 Utility functions of pdfTeX for LuaTeX (HO
)

(/usr/local/texlive/2023/texmf-dist/tex/generic/infwarerr/infwarerr.sty
Package: infwarerr 2019/12/03 v1.5 Providing info/warning/error messages (HO)
)
Package pdftexcmds Info: \pdf@primitive is available.
Package pdftexcmds Info: \pdf@ifprimitive is available.
Package pdftexcmds Info: \pdfdraftmode found.
)
(/usr/local/texlive/2023/texmf-dist/tex/latex/kvsetkeys/kvsetkeys.sty
Package: kvsetkeys 2022-10-05 v1.19 Key value parser (HO)
)
(/usr/local/texlive/2023/texmf-dist/tex/generic/kvdefinekeys/kvdefinekeys.sty
Package: kvdefinekeys 2019-12-19 v1.6 Define keys (HO)
)
(/usr/local/texlive/2023/texmf-dist/tex/generic/pdfescape/pdfescape.sty
Package: pdfescape 2019/12/09 v1.15 Implements pdfTeX's escape features (HO)
)
(/usr/local/texlive/2023/texmf-dist/tex/latex/hycolor/hycolor.sty
Package: hycolor 2020-01-27 v1.10 Color options for hyperref/bookmark (HO)
)
(/usr/local/texlive/2023/texmf-dist/tex/latex/letltxmacro/letltxmacro.sty
Package: letltxmacro 2019/12/03 v1.6 Let assignment for LaTeX macros (HO)
)
(/usr/local/texlive/2023/texmf-dist/tex/latex/auxhook/auxhook.sty
Package: auxhook 2019-12-17 v1.6 Hooks for auxiliary files (HO)
)
(/usr/local/texlive/2023/texmf-dist/tex/latex/hyperref/nameref.sty
Package: nameref 2022-05-17 v2.50 Cross-referencing by name of section

(/usr/local/texlive/2023/texmf-dist/tex/latex/refcount/refcount.sty
Package: refcount 2019/12/15 v3.6 Data extraction from label references (HO)
)
(/usr/local/texlive/2023/texmf-dist/tex/generic/gettitlestring/gettitlestring.s
ty
Package: gettitlestring 2019/12/15 v1.6 Cleanup title references (HO)
 (/usr/local/texlive/2023/texmf-dist/tex/latex/kvoptions/kvoptions.sty
Package: kvoptions 2022-06-15 v3.15 Key value format for package options (HO)
))
\c@section@level=\count354
)
\@linkdim=\dimen358
\Hy@linkcounter=\count355
\Hy@pagecounter=\count356

(/usr/local/texlive/2023/texmf-dist/tex/latex/hyperref/pd1enc.def
File: pd1enc.def 2023-02-07 v7.00v Hyperref: PDFDocEncoding definition (HO)
Now handling font encoding PD1 ...
... no UTF-8 mapping file for font encoding PD1
)
(/usr/local/texlive/2023/texmf-dist/tex/generic/intcalc/intcalc.sty
Package: intcalc 2019/12/15 v1.3 Expandable calculations with integers (HO)
)
(/usr/local/texlive/2023/texmf-dist/tex/generic/etexcmds/etexcmds.sty
Package: etexcmds 2019/12/15 v1.7 Avoid name clashes with e-TeX commands (HO)
)
\Hy@SavedSpaceFactor=\count357

(/usr/local/texlive/2023/texmf-dist/tex/latex/hyperref/puenc.def
File: puenc.def 2023-02-07 v7.00v Hyperref: PDF Unicode definition (HO)
Now handling font encoding PU ...
... no UTF-8 mapping file for font encoding PU
)
Package hyperref Info: Option `unicode' set `true' on input line 4060.
Package hyperref Info: Option `colorlinks' set `true' on input line 4060.
Package hyperref Info: Option `linktocpage' set `true' on input line 4060.
Package hyperref Info: Hyper figures OFF on input line 4177.
Package hyperref Info: Link nesting OFF on input line 4182.
Package hyperref Info: Hyper index ON on input line 4185.
Package hyperref Info: Plain pages OFF on input line 4192.
Package hyperref Info: Backreferencing OFF on input line 4197.
Package hyperref Info: Implicit mode ON; LaTeX internals redefined.
Package hyperref Info: Bookmarks ON on input line 4425.
\c@Hy@tempcnt=\count358

(/usr/local/texlive/2023/texmf-dist/tex/latex/url/url.sty
\Urlmuskip=\muskip17
Package: url 2013/09/16  ver 3.4  Verb mode for urls, etc.
)
LaTeX Info: Redefining \url on input line 4763.
\XeTeXLinkMargin=\dimen359

(/usr/local/texlive/2023/texmf-dist/tex/generic/bitset/bitset.sty
Package: bitset 2019/12/09 v1.3 Handle bit-vector datatype (HO)

(/usr/local/texlive/2023/texmf-dist/tex/generic/bigintcalc/bigintcalc.sty
Package: bigintcalc 2019/12/15 v1.5 Expandable calculations on big integers (HO
)
))
\Fld@menulength=\count359
\Field@Width=\dimen360
\Fld@charsize=\dimen361
Package hyperref Info: Hyper figures OFF on input line 6042.
Package hyperref Info: Link nesting OFF on input line 6047.
Package hyperref Info: Hyper index ON on input line 6050.
Package hyperref Info: backreferencing OFF on input line 6057.
Package hyperref Info: Link coloring ON on input line 6060.
Package hyperref Info: Link coloring with OCG OFF on input line 6067.
Package hyperref Info: PDF/A mode OFF on input line 6072.

(/usr/local/texlive/2023/texmf-dist/tex/latex/base/atbegshi-ltx.sty
Package: atbegshi-ltx 2021/01/10 v1.0c Emulation of the original atbegshi
package with kernel methods
)
\Hy@abspage=\count360
\c@Item=\count361
\c@Hfootnote=\count362
)
Package hyperref Info: Driver (autodetected): hpdftex.

(/usr/local/texlive/2023/texmf-dist/tex/latex/hyperref/hpdftex.def
File: hpdftex.def 2023-02-07 v7.00v Hyperref driver for pdfTeX

(/usr/local/texlive/2023/texmf-dist/tex/latex/base/atveryend-ltx.sty
Package: atveryend-ltx 2020/08/19 v1.0a Emulation of the original atveryend pac
kage
with kernel methods
)
\Fld@listcount=\count363
\c@bookmark@seq@number=\count364

(/usr/local/texlive/2023/texmf-dist/tex/latex/rerunfilecheck/rerunfilecheck.sty
Package: rerunfilecheck 2022-07-10 v1.10 Rerun checks for auxiliary files (HO)

(/usr/local/texlive/2023/texmf-dist/tex/generic/uniquecounter/uniquecounter.sty
Package: uniquecounter 2019/12/15 v1.4 Provide unlimited unique counter (HO)
)
Package uniquecounter Info: New unique counter `rerunfilecheck' on input line 2
85.
)
\Hy@SectionHShift=\skip110
) (/usr/local/texlive/2023/texmf-dist/tex/latex/cleveref/cleveref.sty
Package: cleveref 2018/03/27 v0.21.4 Intelligent cross-referencing
Package cleveref Info: `hyperref' support loaded on input line 2370.
LaTeX Info: Redefining \cref on input line 2370.
LaTeX Info: Redefining \Cref on input line 2370.
LaTeX Info: Redefining \crefrange on input line 2370.
LaTeX Info: Redefining \Crefrange on input line 2370.
LaTeX Info: Redefining \cpageref on input line 2370.
LaTeX Info: Redefining \Cpageref on input line 2370.
LaTeX Info: Redefining \cpagerefrange on input line 2370.
LaTeX Info: Redefining \Cpagerefrange on input line 2370.
LaTeX Info: Redefining \labelcref on input line 2370.
LaTeX Info: Redefining \labelcpageref on input line 2370.
Package cleveref Info: include cross-reference names in hyperlinks on input lin
e 7836.
Package cleveref Info: include cross-reference names in hyperlinks on input lin
e 7852.
)
\@float@every@Program=\toks47
\c@Program=\count365

(./main-thesis.aux

LaTeX Warning: Label `one-ham-cycle-4-city' multiply defined.


LaTeX Warning: Label `one-ham-cycle-4-city@cref' multiply defined.

)
\openout1 = `main-thesis.aux'.

LaTeX Font Info:    Checking defaults for OML/cmm/m/it on input line 314.
LaTeX Font Info:    ... okay on input line 314.
LaTeX Font Info:    Checking defaults for OMS/cmsy/m/n on input line 314.
LaTeX Font Info:    ... okay on input line 314.
LaTeX Font Info:    Checking defaults for OT1/cmr/m/n on input line 314.
LaTeX Font Info:    ... okay on input line 314.
LaTeX Font Info:    Checking defaults for T1/cmr/m/n on input line 314.
LaTeX Font Info:    ... okay on input line 314.
LaTeX Font Info:    Checking defaults for TS1/cmr/m/n on input line 314.
LaTeX Font Info:    ... okay on input line 314.
LaTeX Font Info:    Checking defaults for OMX/cmex/m/n on input line 314.
LaTeX Font Info:    ... okay on input line 314.
LaTeX Font Info:    Checking defaults for U/cmr/m/n on input line 314.
LaTeX Font Info:    ... okay on input line 314.
LaTeX Font Info:    Checking defaults for PD1/pdf/m/n on input line 314.
LaTeX Font Info:    ... okay on input line 314.
LaTeX Font Info:    Checking defaults for PU/pdf/m/n on input line 314.
LaTeX Font Info:    ... okay on input line 314.

*geometry* driver: auto-detecting
*geometry* detected driver: pdftex
*geometry* verbose mode - [ preamble ] result:
* driver: pdftex
* paper: custom
* layout: <same size as paper>
* layoutoffset:(h,v)=(0.0pt,0.0pt)
* modes: 
* h-part:(L,W,R)=(91.04872pt, 452.1144pt, 71.13188pt)
* v-part:(T,H,B)=(71.13188pt, 652.70622pt, 71.13188pt)
* \paperwidth=614.295pt
* \paperheight=794.96999pt
* \textwidth=452.1144pt
* \textheight=652.70622pt
* \oddsidemargin=18.77873pt
* \evensidemargin=18.77873pt
* \topmargin=-33.0119pt
* \headheight=12.0pt
* \headsep=19.8738pt
* \topskip=11.0pt
* \footskip=27.46295pt
* \marginparwidth=62.0pt
* \marginparsep=7.0pt
* \columnsep=10.0pt
* \skip\footins=10.0pt plus 4.0pt minus 2.0pt
* \hoffset=0.0pt
* \voffset=0.0pt
* \mag=1000
* \@twocolumnfalse
* \@twosidefalse
* \@mparswitchfalse
* \@reversemarginfalse
* (1in=72.27pt=25.4mm, 1cm=28.453pt)

(/usr/local/texlive/2023/texmf-dist/tex/context/base/mkii/supp-pdf.mkii
[Loading MPS to PDF converter (version 2006.09.02).]
\scratchcounter=\count366
\scratchdimen=\dimen362
\scratchbox=\box104
\nofMPsegments=\count367
\nofMParguments=\count368
\everyMPshowfont=\toks48
\MPscratchCnt=\count369
\MPscratchDim=\dimen363
\MPnumerator=\count370
\makeMPintoPDFobject=\count371
\everyMPtoPDFconversion=\toks49
) (/usr/local/texlive/2023/texmf-dist/tex/latex/epstopdf-pkg/epstopdf-base.sty
Package: epstopdf-base 2020-01-24 v2.11 Base part for package epstopdf

(/usr/local/texlive/2023/texmf-dist/tex/latex/grfext/grfext.sty
Package: grfext 2019/12/03 v1.3 Manage graphics extensions (HO)
)
Package epstopdf-base Info: Redefining graphics rule for `.eps' on input line 4
85.
Package grfext Info: Graphics extension search list:
(grfext)             [.pdf,.png,.jpg,.mps,.jpeg,.jbig2,.jb2,.PDF,.PNG,.JPG,.JPE
G,.JBIG2,.JB2,.eps]
(grfext)             \AppendGraphicsExtensions on input line 504.

(/usr/local/texlive/2023/texmf-dist/tex/latex/latexconfig/epstopdf-sys.cfg
File: epstopdf-sys.cfg 2010/07/13 v1.3 Configuration of (r)epstopdf for TeX Liv
e
))
(/usr/local/texlive/2023/texmf-dist/tex/latex/ninecolors/ninecolors.sty
Package: ninecolors 2022-02-13 vv2022D Select colors with proper color contrast

)
Package caption Info: Begin \AtBeginDocument code.
Package caption Info: hyperref package is loaded.
Package caption Info: longtable package is loaded.

(/usr/local/texlive/2023/texmf-dist/tex/latex/caption/ltcaption.sty
Package: ltcaption 2021/01/08 v1.4c longtable captions (AR)
)
Package caption Info: End \AtBeginDocument code.
Package hyperref Info: Link coloring ON on input line 314.

(./main-thesis.out) (./main-thesis.out)
\@outlinefile=\write4
\openout4 = `main-thesis.out'.

\@orgargctr=\count372
\@orgargctr=\count373
\@orgargctr=\count374
\@orgargctr=\count375
\@orgargctr=\count376
\@orgargctr=\count377
 [1


{/usr/local/texlive/2023/texmf-var/fonts/map/pdftex/updmap/pdftex.map}{/usr/loc
al/texlive/2023/texmf-dist/fonts/enc/dvips/cm-super/cm-super-ts1.enc}]
LaTeX Font Info:    Trying to load font information for U+msa on input line 333
.

(/usr/local/texlive/2023/texmf-dist/tex/latex/amsfonts/umsa.fd
File: umsa.fd 2013/01/14 v3.01 AMS symbols A
)
LaTeX Font Info:    Trying to load font information for U+msb on input line 333
.

(/usr/local/texlive/2023/texmf-dist/tex/latex/amsfonts/umsb.fd
File: umsb.fd 2013/01/14 v3.01 AMS symbols B
) [2



]
(./main-thesis.toc [3


])
\tf@toc=\write5
\openout5 = `main-thesis.toc'.

 [4] (./main-thesis.lot)
\tf@lot=\write6
\openout6 = `main-thesis.lot'.

 [5

] (./main-thesis.lof)
\tf@lof=\write7
\openout7 = `main-thesis.lof'.


[6

] [7] [8

]
Chapter 1.
[1


]
Chapter 2.
<graphics/4-city.pdf, id=255, 1927.2pt x 1084.05pt>
File: graphics/4-city.pdf Graphic file (type pdf)
<use graphics/4-city.pdf>
Package pdftex.def Info: graphics/4-city.pdf  used on input line 368.
(pdftex.def)             Requested size: 180.84299pt x 150.32687pt.
[2

 <./graphics/4-city.pdf>] [3] [4] [5] [6]
<graphics/phase_circ.pdf, id=313, 1927.2pt x 1084.05pt>
File: graphics/phase_circ.pdf Graphic file (type pdf)
<use graphics/phase_circ.pdf>
Package pdftex.def Info: graphics/phase_circ.pdf  used on input line 728.
(pdftex.def)             Requested size: 361.69289pt x 169.38188pt.
 [7 <./graphics/phase_circ.pdf>]
[8]
<phase-lecture/18_Phase-estimation-lecture-slides.pdf, id=349, 455.24078pt x 25
6.07669pt>
File: phase-lecture/18_Phase-estimation-lecture-slides.pdf Graphic file (type p
df)
<use phase-lecture/18_Phase-estimation-lecture-slides.pdf>
Package pdftex.def Info: phase-lecture/18_Phase-estimation-lecture-slides.pdf  
used on input line 785.
(pdftex.def)             Requested size: 176.41179pt x 96.73918pt.
<phase-lecture/27_Phase-estimation-lecture-slides.pdf, id=351, 455.24078pt x 25
6.07669pt>
File: phase-lecture/27_Phase-estimation-lecture-slides.pdf Graphic file (type p
df)
<use phase-lecture/27_Phase-estimation-lecture-slides.pdf>
Package pdftex.def Info: phase-lecture/27_Phase-estimation-lecture-slides.pdf  
used on input line 795.
(pdftex.def)             Requested size: 206.82808pt x 96.73918pt.
<phase-lecture/28_Phase-estimation-lecture-slides.pdf, id=353, 455.24078pt x 25
6.07669pt>
File: phase-lecture/28_Phase-estimation-lecture-slides.pdf Graphic file (type p
df)
<use phase-lecture/28_Phase-estimation-lecture-slides.pdf>
Package pdftex.def Info: phase-lecture/28_Phase-estimation-lecture-slides.pdf  
used on input line 804.
(pdftex.def)             Requested size: 240.18799pt x 96.73918pt.
<phase-lecture/29_Phase-estimation-lecture-slides.pdf, id=355, 455.24078pt x 25
6.07669pt>
File: phase-lecture/29_Phase-estimation-lecture-slides.pdf Graphic file (type p
df)
<use phase-lecture/29_Phase-estimation-lecture-slides.pdf>
Package pdftex.def Info: phase-lecture/29_Phase-estimation-lecture-slides.pdf  
used on input line 813.
(pdftex.def)             Requested size: 240.18799pt x 96.73918pt.
 [9 <./phase-lecture/18_Phase-estimation-lecture-slides.pdf> <./phase-lecture/2
7_Phase-estimation-lecture-slides.pdf> <./phase-lecture/28_Phase-estimation-lec
ture-slides.pdf> <./phase-lecture/29_Phase-estimation-lecture-slides.pdf>]
Chapter 3.

Underfull \hbox (badness 10000) in paragraph at lines 834--835

 []


Underfull \hbox (badness 10000) in paragraph at lines 835--836

 []


Underfull \hbox (badness 10000) in paragraph at lines 836--837

 []


Underfull \hbox (badness 10000) in paragraph at lines 837--838

 []


Underfull \hbox (badness 10000) in paragraph at lines 838--839

 []


Underfull \hbox (badness 10000) in paragraph at lines 839--840

 []


Underfull \hbox (badness 10000) in paragraph at lines 840--841

 []

[10

]
LaTeX Font Info:    Trying to load font information for U+dsrom on input line 8
96.
 (/usr/local/texlive/2023/texmf-dist/tex/latex/doublestroke/Udsrom.fd
File: Udsrom.fd 1995/08/01 v0.1 Double stroke roman font definitions
)
[11] [12] [13]

LaTeX Font Warning: Command \Large invalid in math mode on input line 1042.


LaTeX Font Warning: Command \Large invalid in math mode on input line 1049.


LaTeX Font Warning: Command \Large invalid in math mode on input line 1049.

[14] [15]

LaTeX Font Warning: Command \Large invalid in math mode on input line 1220.


LaTeX Font Warning: Command \Large invalid in math mode on input line 1227.


Overfull \hbox (14.71075pt too wide) in paragraph at lines 1243--1273
 [][] 
 []


LaTeX Warning: `h' float specifier changed to `ht'.


LaTeX Warning: `h' float specifier changed to `ht'.

[16] [17] [18]
Chapter 4.
[19

] [20]
<graphics/4-city-1-cycle-constrained-barrier.pdf, id=634, 1695.28217pt x 990.98
227pt>
File: graphics/4-city-1-cycle-constrained-barrier.pdf Graphic file (type pdf)
<use graphics/4-city-1-cycle-constrained-barrier.pdf>
Package pdftex.def Info: graphics/4-city-1-cycle-constrained-barrier.pdf  used 
on input line 1595.
(pdftex.def)             Requested size: 452.1144pt x 261.03273pt.


LaTeX Warning: `!h' float specifier changed to `!ht'.

<graphics/3qubit-4city.pdf, id=636, 722.7pt x 1084.05pt>
File: graphics/3qubit-4city.pdf Graphic file (type pdf)
<use graphics/3qubit-4city.pdf>
Package pdftex.def Info: graphics/3qubit-4city.pdf  used on input line 1603.
(pdftex.def)             Requested size: 391.63062pt x 587.44595pt.

LaTeX Warning: `!h' float specifier changed to `!ht'.

<graphics/4qubit-4city.pdf, id=637, 722.7pt x 1084.05pt>
File: graphics/4qubit-4city.pdf Graphic file (type pdf)
<use graphics/4qubit-4city.pdf>
Package pdftex.def Info: graphics/4qubit-4city.pdf  used on input line 1610.
(pdftex.def)             Requested size: 391.63062pt x 587.44595pt.

LaTeX Warning: `!h' float specifier changed to `!ht'.

<graphics/5qubit-4city.pdf, id=638, 722.7pt x 1228.59pt>
File: graphics/5qubit-4city.pdf Graphic file (type pdf)
<use graphics/5qubit-4city.pdf>
Package pdftex.def Info: graphics/5qubit-4city.pdf  used on input line 1617.
(pdftex.def)             Requested size: 345.54669pt x 587.4294pt.

LaTeX Warning: `!h' float specifier changed to `!ht'.

[21] [22 <./graphics/4-city-1-cycle-constrained-barrier.pdf>] [23 <./graphics/3
qubit-4city.pdf>] [24 <./graphics/4qubit-4city.pdf>] [25 <./graphics/5qubit-4ci
ty.pdf>] [26

] [27] [28] [29] [30]
<graphics/5-city-1-cycle-constrained-barrier.pdf, id=833, 1708.31143pt x 1232.6
8526pt>
File: graphics/5-city-1-cycle-constrained-barrier.pdf Graphic file (type pdf)
<use graphics/5-city-1-cycle-constrained-barrier.pdf>
Package pdftex.def Info: graphics/5-city-1-cycle-constrained-barrier.pdf  used 
on input line 2658.
(pdftex.def)             Requested size: 452.1144pt x 342.74644pt.
<graphics/1-3-5city.pdf, id=836, 1183.05992pt x 1605.7346pt>
File: graphics/1-3-5city.pdf Graphic file (type pdf)
<use graphics/1-3-5city.pdf>
Package pdftex.def Info: graphics/1-3-5city.pdf  used on input line 2667.
(pdftex.def)             Requested size: 432.79712pt x 587.4236pt.


LaTeX Warning: `!h' float specifier changed to `!ht'.

<graphics/4-6-5city.pdf, id=837, 1183.05992pt x 1605.64969pt>
File: graphics/4-6-5city.pdf Graphic file (type pdf)
<use graphics/4-6-5city.pdf>
Package pdftex.def Info: graphics/4-6-5city.pdf  used on input line 2674.
(pdftex.def)             Requested size: 432.81517pt x 587.41704pt.

LaTeX Warning: `!h' float specifier changed to `!ht'.

<graphics/7-9-5city.pdf, id=838, 1183.05992pt x 1605.64969pt>
File: graphics/7-9-5city.pdf Graphic file (type pdf)
<use graphics/7-9-5city.pdf>
Package pdftex.def Info: graphics/7-9-5city.pdf  used on input line 2681.
(pdftex.def)             Requested size: 432.81517pt x 587.41704pt.

LaTeX Warning: `!h' float specifier changed to `!ht'.

<graphics/10-12-5city.pdf, id=839, 1183.05992pt x 1602.11194pt>
File: graphics/10-12-5city.pdf Graphic file (type pdf)
<use graphics/10-12-5city.pdf>
Package pdftex.def Info: graphics/10-12-5city.pdf  used on input line 2688.
(pdftex.def)             Requested size: 433.78998pt x 587.44287pt.

LaTeX Warning: `!h' float specifier changed to `!ht'.

[31 <./graphics/5-city-1-cycle-constrained-barrier.pdf>]

LaTeX Warning: Text page 32 contains only floats.

[32 <./graphics/1-3-5city.pdf>]

LaTeX Warning: Text page 33 contains only floats.

[33 <./graphics/4-6-5city.pdf>]

LaTeX Warning: Text page 34 contains only floats.

[34 <./graphics/7-9-5city.pdf>]

LaTeX Warning: Text page 35 contains only floats.

[35 <./graphics/10-12-5city.pdf>] [36]
Chapter 5.
[37

] (./main-thesis.bbl [38]) [39

]
Appendix A.
<hamiltonian_cycles.pdf, id=1067, 614.295pt x 794.97pt>
File: hamiltonian_cycles.pdf Graphic file (type pdf)
<use hamiltonian_cycles.pdf>
Package pdftex.def Info: hamiltonian_cycles.pdf  used on input line 2845.
(pdftex.def)             Requested size: 614.29349pt x 794.96806pt.
File: hamiltonian_cycles.pdf Graphic file (type pdf)
<use hamiltonian_cycles.pdf>
Package pdftex.def Info: hamiltonian_cycles.pdf  used on input line 2845.
(pdftex.def)             Requested size: 614.29349pt x 794.96806pt.
<hamiltonian_cycles.pdf, id=1070, page=1, 614.295pt x 794.97pt>
File: hamiltonian_cycles.pdf Graphic file (type pdf)
<use hamiltonian_cycles.pdf, page 1>
Package pdftex.def Info: hamiltonian_cycles.pdf , page1 used on input line 2845
.
(pdftex.def)             Requested size: 614.29349pt x 794.96806pt.
File: hamiltonian_cycles.pdf Graphic file (type pdf)
<use hamiltonian_cycles.pdf, page 1>
Package pdftex.def Info: hamiltonian_cycles.pdf , page1 used on input line 2845
.
(pdftex.def)             Requested size: 614.58406pt x 795.3441pt.
[40


]
File: hamiltonian_cycles.pdf Graphic file (type pdf)
<use hamiltonian_cycles.pdf, page 1>
Package pdftex.def Info: hamiltonian_cycles.pdf , page1 used on input line 2845
.
(pdftex.def)             Requested size: 614.58406pt x 795.3441pt.
File: hamiltonian_cycles.pdf Graphic file (type pdf)
<use hamiltonian_cycles.pdf, page 1>
Package pdftex.def Info: hamiltonian_cycles.pdf , page1 used on input line 2845
.
(pdftex.def)             Requested size: 614.58406pt x 795.3441pt.
File: hamiltonian_cycles.pdf Graphic file (type pdf)
<use hamiltonian_cycles.pdf, page 1>
Package pdftex.def Info: hamiltonian_cycles.pdf , page1 used on input line 2845
.
(pdftex.def)             Requested size: 614.58406pt x 795.3441pt.
 [41 <./hamiltonian_cycles.pdf>]
<hamiltonian_cycles.pdf, id=1097, page=2, 614.295pt x 794.97pt>
File: hamiltonian_cycles.pdf Graphic file (type pdf)
<use hamiltonian_cycles.pdf, page 2>
Package pdftex.def Info: hamiltonian_cycles.pdf , page2 used on input line 2845
.
(pdftex.def)             Requested size: 614.58406pt x 795.3441pt.
File: hamiltonian_cycles.pdf Graphic file (type pdf)
<use hamiltonian_cycles.pdf, page 2>
Package pdftex.def Info: hamiltonian_cycles.pdf , page2 used on input line 2845
.
(pdftex.def)             Requested size: 614.58406pt x 795.3441pt.
File: hamiltonian_cycles.pdf Graphic file (type pdf)
<use hamiltonian_cycles.pdf, page 2>
Package pdftex.def Info: hamiltonian_cycles.pdf , page2 used on input line 2845
.
(pdftex.def)             Requested size: 614.58406pt x 795.3441pt.
 [42 <./hamiltonian_cycles.pdf>]
<hamiltonian_cycles.pdf, id=1102, page=3, 614.295pt x 794.97pt>
File: hamiltonian_cycles.pdf Graphic file (type pdf)
<use hamiltonian_cycles.pdf, page 3>
Package pdftex.def Info: hamiltonian_cycles.pdf , page3 used on input line 2845
.
(pdftex.def)             Requested size: 614.58406pt x 795.3441pt.
File: hamiltonian_cycles.pdf Graphic file (type pdf)
<use hamiltonian_cycles.pdf, page 3>
Package pdftex.def Info: hamiltonian_cycles.pdf , page3 used on input line 2845
.
(pdftex.def)             Requested size: 614.58406pt x 795.3441pt.
File: hamiltonian_cycles.pdf Graphic file (type pdf)
<use hamiltonian_cycles.pdf, page 3>
Package pdftex.def Info: hamiltonian_cycles.pdf , page3 used on input line 2845
.
(pdftex.def)             Requested size: 614.58406pt x 795.3441pt.
 [43 <./hamiltonian_cycles.pdf>]
Appendix B.
<4-city-code/4-city-code.pdf, id=1109, 614.295pt x 794.97pt>
File: 4-city-code/4-city-code.pdf Graphic file (type pdf)
<use 4-city-code/4-city-code.pdf>
Package pdftex.def Info: 4-city-code/4-city-code.pdf  used on input line 2852.
(pdftex.def)             Requested size: 614.29349pt x 794.96806pt.
File: 4-city-code/4-city-code.pdf Graphic file (type pdf)
<use 4-city-code/4-city-code.pdf>
Package pdftex.def Info: 4-city-code/4-city-code.pdf  used on input line 2852.
(pdftex.def)             Requested size: 614.29349pt x 794.96806pt.
<4-city-code/4-city-code.pdf, id=1112, page=1, 614.295pt x 794.97pt>
File: 4-city-code/4-city-code.pdf Graphic file (type pdf)
<use 4-city-code/4-city-code.pdf, page 1>
Package pdftex.def Info: 4-city-code/4-city-code.pdf , page1 used on input line
 2852.
(pdftex.def)             Requested size: 614.29349pt x 794.96806pt.
File: 4-city-code/4-city-code.pdf Graphic file (type pdf)
<use 4-city-code/4-city-code.pdf, page 1>
Package pdftex.def Info: 4-city-code/4-city-code.pdf , page1 used on input line
 2852.
(pdftex.def)             Requested size: 614.58406pt x 795.3441pt.
[44

]
File: 4-city-code/4-city-code.pdf Graphic file (type pdf)
<use 4-city-code/4-city-code.pdf, page 1>
Package pdftex.def Info: 4-city-code/4-city-code.pdf , page1 used on input line
 2852.
(pdftex.def)             Requested size: 614.58406pt x 795.3441pt.
File: 4-city-code/4-city-code.pdf Graphic file (type pdf)
<use 4-city-code/4-city-code.pdf, page 1>
Package pdftex.def Info: 4-city-code/4-city-code.pdf , page1 used on input line
 2852.
(pdftex.def)             Requested size: 614.58406pt x 795.3441pt.
File: 4-city-code/4-city-code.pdf Graphic file (type pdf)
<use 4-city-code/4-city-code.pdf, page 1>
Package pdftex.def Info: 4-city-code/4-city-code.pdf , page1 used on input line
 2852.
(pdftex.def)             Requested size: 614.58406pt x 795.3441pt.
 [45 <./4-city-code/4-city-code.pdf>]
<4-city-code/4-city-code.pdf, id=1130, page=2, 614.295pt x 794.97pt>
File: 4-city-code/4-city-code.pdf Graphic file (type pdf)
<use 4-city-code/4-city-code.pdf, page 2>
Package pdftex.def Info: 4-city-code/4-city-code.pdf , page2 used on input line
 2852.
(pdftex.def)             Requested size: 614.58406pt x 795.3441pt.
File: 4-city-code/4-city-code.pdf Graphic file (type pdf)
<use 4-city-code/4-city-code.pdf, page 2>
Package pdftex.def Info: 4-city-code/4-city-code.pdf , page2 used on input line
 2852.
(pdftex.def)             Requested size: 614.58406pt x 795.3441pt.
File: 4-city-code/4-city-code.pdf Graphic file (type pdf)
<use 4-city-code/4-city-code.pdf, page 2>
Package pdftex.def Info: 4-city-code/4-city-code.pdf , page2 used on input line
 2852.
(pdftex.def)             Requested size: 614.58406pt x 795.3441pt.
 [46 <./4-city-code/4-city-code.pdf>]
<4-city-code/4-city-code.pdf, id=1139, page=3, 614.295pt x 794.97pt>
File: 4-city-code/4-city-code.pdf Graphic file (type pdf)
<use 4-city-code/4-city-code.pdf, page 3>
Package pdftex.def Info: 4-city-code/4-city-code.pdf , page3 used on input line
 2852.
(pdftex.def)             Requested size: 614.58406pt x 795.3441pt.
File: 4-city-code/4-city-code.pdf Graphic file (type pdf)
<use 4-city-code/4-city-code.pdf, page 3>
Package pdftex.def Info: 4-city-code/4-city-code.pdf , page3 used on input line
 2852.
(pdftex.def)             Requested size: 614.58406pt x 795.3441pt.
File: 4-city-code/4-city-code.pdf Graphic file (type pdf)
<use 4-city-code/4-city-code.pdf, page 3>
Package pdftex.def Info: 4-city-code/4-city-code.pdf , page3 used on input line
 2852.
(pdftex.def)             Requested size: 614.58406pt x 795.3441pt.

[47 <./4-city-code/4-city-code.pdf>]
<4-city-code/4-city-code.pdf, id=1149, page=4, 614.295pt x 794.97pt>
File: 4-city-code/4-city-code.pdf Graphic file (type pdf)
<use 4-city-code/4-city-code.pdf, page 4>
Package pdftex.def Info: 4-city-code/4-city-code.pdf , page4 used on input line
 2852.
(pdftex.def)             Requested size: 614.58406pt x 795.3441pt.
File: 4-city-code/4-city-code.pdf Graphic file (type pdf)
<use 4-city-code/4-city-code.pdf, page 4>
Package pdftex.def Info: 4-city-code/4-city-code.pdf , page4 used on input line
 2852.
(pdftex.def)             Requested size: 614.58406pt x 795.3441pt.
File: 4-city-code/4-city-code.pdf Graphic file (type pdf)
<use 4-city-code/4-city-code.pdf, page 4>
Package pdftex.def Info: 4-city-code/4-city-code.pdf , page4 used on input line
 2852.
(pdftex.def)             Requested size: 614.58406pt x 795.3441pt.
 [48 <./4-city-code/4-city-code.pdf>]
<4-city-code/4-city-code.pdf, id=1154, page=5, 614.295pt x 794.97pt>
File: 4-city-code/4-city-code.pdf Graphic file (type pdf)
<use 4-city-code/4-city-code.pdf, page 5>
Package pdftex.def Info: 4-city-code/4-city-code.pdf , page5 used on input line
 2852.
(pdftex.def)             Requested size: 614.58406pt x 795.3441pt.
File: 4-city-code/4-city-code.pdf Graphic file (type pdf)
<use 4-city-code/4-city-code.pdf, page 5>
Package pdftex.def Info: 4-city-code/4-city-code.pdf , page5 used on input line
 2852.
(pdftex.def)             Requested size: 614.58406pt x 795.3441pt.
File: 4-city-code/4-city-code.pdf Graphic file (type pdf)
<use 4-city-code/4-city-code.pdf, page 5>
Package pdftex.def Info: 4-city-code/4-city-code.pdf , page5 used on input line
 2852.
(pdftex.def)             Requested size: 614.58406pt x 795.3441pt.

[49 <./4-city-code/4-city-code.pdf>]
<4-city-code/4-city-code.pdf, id=1162, page=6, 614.295pt x 794.97pt>
File: 4-city-code/4-city-code.pdf Graphic file (type pdf)
<use 4-city-code/4-city-code.pdf, page 6>
Package pdftex.def Info: 4-city-code/4-city-code.pdf , page6 used on input line
 2852.
(pdftex.def)             Requested size: 614.58406pt x 795.3441pt.
File: 4-city-code/4-city-code.pdf Graphic file (type pdf)
<use 4-city-code/4-city-code.pdf, page 6>
Package pdftex.def Info: 4-city-code/4-city-code.pdf , page6 used on input line
 2852.
(pdftex.def)             Requested size: 614.58406pt x 795.3441pt.
File: 4-city-code/4-city-code.pdf Graphic file (type pdf)
<use 4-city-code/4-city-code.pdf, page 6>
Package pdftex.def Info: 4-city-code/4-city-code.pdf , page6 used on input line
 2852.
(pdftex.def)             Requested size: 614.58406pt x 795.3441pt.
 [50 <./4-city-code/4-city-code.pdf>]
<4-city-code/4-city-code.pdf, id=1170, page=7, 614.295pt x 794.97pt>
File: 4-city-code/4-city-code.pdf Graphic file (type pdf)
<use 4-city-code/4-city-code.pdf, page 7>
Package pdftex.def Info: 4-city-code/4-city-code.pdf , page7 used on input line
 2852.
(pdftex.def)             Requested size: 614.58406pt x 795.3441pt.
File: 4-city-code/4-city-code.pdf Graphic file (type pdf)
<use 4-city-code/4-city-code.pdf, page 7>
Package pdftex.def Info: 4-city-code/4-city-code.pdf , page7 used on input line
 2852.
(pdftex.def)             Requested size: 614.58406pt x 795.3441pt.
File: 4-city-code/4-city-code.pdf Graphic file (type pdf)
<use 4-city-code/4-city-code.pdf, page 7>
Package pdftex.def Info: 4-city-code/4-city-code.pdf , page7 used on input line
 2852.
(pdftex.def)             Requested size: 614.58406pt x 795.3441pt.

[51 <./4-city-code/4-city-code.pdf>]
<4-city-code/4-city-code.pdf, id=1190, page=8, 614.295pt x 794.97pt>
File: 4-city-code/4-city-code.pdf Graphic file (type pdf)
<use 4-city-code/4-city-code.pdf, page 8>
Package pdftex.def Info: 4-city-code/4-city-code.pdf , page8 used on input line
 2852.
(pdftex.def)             Requested size: 614.58406pt x 795.3441pt.
File: 4-city-code/4-city-code.pdf Graphic file (type pdf)
<use 4-city-code/4-city-code.pdf, page 8>
Package pdftex.def Info: 4-city-code/4-city-code.pdf , page8 used on input line
 2852.
(pdftex.def)             Requested size: 614.58406pt x 795.3441pt.
File: 4-city-code/4-city-code.pdf Graphic file (type pdf)
<use 4-city-code/4-city-code.pdf, page 8>
Package pdftex.def Info: 4-city-code/4-city-code.pdf , page8 used on input line
 2852.
(pdftex.def)             Requested size: 614.58406pt x 795.3441pt.
 [52 <./4-city-code/4-city-code.pdf>]
(./main-thesis.aux)

LaTeX Warning: There were multiply-defined labels.

Package rerunfilecheck Info: File `main-thesis.out' has not changed.
(rerunfilecheck)             Checksum: 57B0B7AAD0F4D9BE3459BA1361AEC598;5012.
 ) 
Here is how much of TeX's memory you used:
 33511 strings out of 476025
 679938 string characters out of 5790016
 1910388 words of memory out of 5000000
 53220 multiletter control sequences out of 15000+600000
 529410 words of font info for 97 fonts, out of 8000000 for 9000
 1141 hyphenation exceptions out of 8191
 102i,17n,117p,1340b,930s stack positions out of 10000i,1000n,20000p,200000b,200000s
</usr/local/texlive/2023/texmf-dist/fonts/type1/public/fdsymbol/FdSymbolA-Boo
k.pfb></usr/local/texlive/2023/texmf-dist/fonts/type1/public/fdsymbol/FdSymbolB
-Book.pfb></usr/local/texlive/2023/texmf-dist/fonts/type1/public/fdsymbol/FdSym
bolF-Book.pfb></usr/local/texlive/2023/texmf-dist/fonts/type1/public/stix/STIXG
eneral-Italic.pfb></usr/local/texlive/2023/texmf-dist/fonts/type1/public/stix/S
TIXGeneral-Regular.pfb></usr/local/texlive/2023/texmf-dist/fonts/type1/public/a
msfonts/cm/cmbx10.pfb></usr/local/texlive/2023/texmf-dist/fonts/type1/public/am
sfonts/cm/cmbx12.pfb></usr/local/texlive/2023/texmf-dist/fonts/type1/public/ams
fonts/cm/cmex10.pfb></usr/local/texlive/2023/texmf-dist/fonts/type1/public/amsf
onts/cm/cmmi10.pfb></usr/local/texlive/2023/texmf-dist/fonts/type1/public/amsfo
nts/cm/cmmi5.pfb></usr/local/texlive/2023/texmf-dist/fonts/type1/public/amsfont
s/cm/cmmi6.pfb></usr/local/texlive/2023/texmf-dist/fonts/type1/public/amsfonts/
cm/cmmi7.pfb></usr/local/texlive/2023/texmf-dist/fonts/type1/public/amsfonts/cm
/cmmi8.pfb></usr/local/texlive/2023/texmf-dist/fonts/type1/public/amsfonts/cm/c
mr10.pfb></usr/local/texlive/2023/texmf-dist/fonts/type1/public/amsfonts/cm/cmr
5.pfb></usr/local/texlive/2023/texmf-dist/fonts/type1/public/amsfonts/cm/cmr6.p
fb></usr/local/texlive/2023/texmf-dist/fonts/type1/public/amsfonts/cm/cmr8.pfb>
</usr/local/texlive/2023/texmf-dist/fonts/type1/public/amsfonts/cm/cmsl10.pfb><
/usr/local/texlive/2023/texmf-dist/fonts/type1/public/amsfonts/cm/cmss10.pfb></
usr/local/texlive/2023/texmf-dist/fonts/type1/public/amsfonts/cm/cmssbx10.pfb><
/usr/local/texlive/2023/texmf-dist/fonts/type1/public/amsfonts/cm/cmsy10.pfb></
usr/local/texlive/2023/texmf-dist/fonts/type1/public/amsfonts/cm/cmsy5.pfb></us
r/local/texlive/2023/texmf-dist/fonts/type1/public/amsfonts/cm/cmsy6.pfb></usr/
local/texlive/2023/texmf-dist/fonts/type1/public/amsfonts/cm/cmsy8.pfb></usr/lo
cal/texlive/2023/texmf-dist/fonts/type1/public/amsfonts/cm/cmti10.pfb></usr/loc
al/texlive/2023/texmf-dist/fonts/type1/public/doublestroke/dsrom10.pfb></usr/lo
cal/texlive/2023/texmf-dist/fonts/type1/public/amsfonts/euler/eurm7.pfb></usr/l
ocal/texlive/2023/texmf-dist/fonts/type1/public/amsfonts/symbols/msbm10.pfb></u
sr/local/texlive/2023/texmf-dist/fonts/type1/public/cm-super/sfit1000.pfb></usr
/local/texlive/2023/texmf-dist/fonts/type1/public/cm-super/sfrm1095.pfb></usr/l
ocal/texlive/2023/texmf-dist/fonts/type1/public/cm-super/sftt1000.pfb>
Output written on main-thesis.pdf (60 pages, 1902083 bytes).
PDF statistics:
 1331 PDF objects out of 1440 (max. 8388607)
 853 compressed objects within 9 object streams
 144 named destinations out of 1000 (max. 500000)
 453 words of extra memory for PDF output out of 10000 (max. 10000000)

