\BOOKMARK [0][-]{chapter*.1}{\376\377\000A\000b\000s\000t\000r\000a\000c\000t}{}% 1
\BOOKMARK [0][-]{chapter*.2}{\376\377\000T\000a\000b\000l\000e\000\040\000o\000f\000\040\000C\000o\000n\000t\000e\000n\000t\000s}{}% 2
\BOOKMARK [0][-]{chapter*.3}{\376\377\000L\000i\000s\000t\000\040\000o\000f\000\040\000T\000a\000b\000l\000e\000s}{}% 3
\BOOKMARK [0][-]{chapter*.4}{\376\377\000L\000i\000s\000t\000\040\000o\000f\000\040\000F\000i\000g\000u\000r\000e\000s}{}% 4
\BOOKMARK [0][-]{chapter*.5}{\376\377\000A\000c\000k\000n\000o\000w\000l\000e\000d\000g\000e\000m\000e\000n\000t\000s}{}% 5
\BOOKMARK [0][-]{chapter.1}{\376\377\000I\000n\000t\000r\000o\000d\000u\000c\000t\000i\000o\000n}{}% 6
\BOOKMARK [0][-]{chapter.2}{\376\377\000T\000h\000e\000o\000r\000y}{}% 7
\BOOKMARK [1][-]{section.2.1}{\376\377\000T\000h\000e\000\040\000B\000o\000t\000t\000l\000e\000n\000e\000c\000k\000\040\000T\000r\000a\000v\000e\000l\000l\000i\000n\000g\000\040\000S\000a\000l\000e\000s\000m\000a\000n\000\040\000P\000r\000o\000b\000l\000e\000m}{chapter.2}% 8
\BOOKMARK [1][-]{section.2.2}{\376\377\000A\000n\000\040\000I\000n\000t\000r\000o\000d\000u\000c\000t\000i\000o\000n\000\040\000t\000o\000\040\000Q\000u\000a\000n\000t\000u\000m\000\040\000C\000o\000m\000p\000u\000t\000i\000n\000g}{chapter.2}% 9
\BOOKMARK [2][-]{subsection.2.2.1}{\376\377\000F\000r\000e\000q\000u\000e\000n\000t\000l\000y\000\040\000U\000s\000e\000d\000\040\000N\000o\000t\000a\000t\000i\000o\000n}{section.2.2}% 10
\BOOKMARK [2][-]{subsection.2.2.2}{\376\377\000Q\000u\000a\000n\000t\000u\000m\000\040\000C\000i\000r\000c\000u\000i\000t\000\040\000C\000o\000m\000p\000o\000n\000e\000n\000t\000s}{section.2.2}% 11
\BOOKMARK [2][-]{subsection.2.2.3}{\376\377\000C\000o\000n\000t\000r\000o\000l\000l\000e\000d\000\040\000G\000a\000t\000e\000s}{section.2.2}% 12
\BOOKMARK [1][-]{section.2.3}{\376\377\000Q\000u\000a\000n\000t\000u\000m\000\040\000P\000h\000a\000s\000e\000\040\000E\000s\000t\000i\000m\000a\000t\000i\000o\000n}{chapter.2}% 13
\BOOKMARK [0][-]{chapter.3}{\376\377\000A\000l\000g\000o\000r\000i\000t\000h\000m}{}% 14
\BOOKMARK [1][-]{section.3.1}{\376\377\000N\000o\000r\000m\000a\000l\000i\000z\000e\000\040\000E\000d\000g\000e\000\040\000W\000e\000i\000g\000h\000t\000s}{chapter.3}% 15
\BOOKMARK [1][-]{section.3.2}{\376\377\000U\000n\000i\000t\000a\000r\000y\000\040\000O\000p\000e\000r\000a\000t\000o\000r\000\040\000a\000n\000d\000\040\000E\000i\000g\000e\000n\000s\000t\000a\000t\000e\000s\000\040\000a\000s\000s\000o\000c\000i\000a\000t\000e\000d\000\040\000w\000i\000t\000h\000\040\000t\000h\000e\000\040\000H\000a\000m\000i\000l\000t\000o\000n\000i\000a\000n\000\040\000C\000y\000c\000l\000e\000s}{chapter.3}% 16
\BOOKMARK [2][-]{subsection.3.2.1}{\376\377\000T\000h\000e\000\040\000F\000o\000u\000r\000\040\000C\000i\000t\000y\000\040\000G\000r\000a\000p\000h}{section.3.2}% 17
\BOOKMARK [2][-]{subsection.3.2.2}{\376\377\000T\000h\000e\000\040\000F\000i\000v\000e\000\040\000C\000i\000t\000y\000\040\000G\000r\000a\000p\000h}{section.3.2}% 18
\BOOKMARK [0][-]{chapter.4}{\376\377\000S\000i\000m\000u\000l\000a\000t\000i\000o\000n\000s}{}% 19
\BOOKMARK [1][-]{section.4.1}{\376\377\000A\000n\000\040\000U\000n\000d\000i\000r\000e\000c\000t\000e\000d\000\040\0004\000-\000C\000i\000t\000y\000\040\000G\000r\000a\000p\000h}{chapter.4}% 20
\BOOKMARK [2][-]{subsection.4.1.1}{\376\377\000A\000l\000g\000o\000r\000i\000t\000h\000m\000\040\000C\000o\000n\000s\000t\000r\000u\000c\000t\000i\000o\000n}{section.4.1}% 21
\BOOKMARK [2][-]{subsection.4.1.2}{\376\377\000R\000e\000s\000u\000l\000t\000s\000:\000\040\000S\000i\000m\000u\000l\000a\000t\000i\000o\000n\000s\000\040\000w\000i\000t\000h\000\040\000Q\000i\000s\000k\000i\000t}{section.4.1}% 22
\BOOKMARK [1][-]{section.4.2}{\376\377\000A\000n\000\040\000U\000n\000d\000i\000r\000e\000c\000t\000e\000d\000\040\0005\000-\000C\000i\000t\000y\000\040\000G\000r\000a\000p\000h}{chapter.4}% 23
\BOOKMARK [2][-]{subsection.4.2.1}{\376\377\000A\000l\000g\000o\000r\000i\000t\000h\000m\000\040\000C\000o\000n\000s\000t\000r\000u\000c\000t\000i\000o\000n}{section.4.2}% 24
\BOOKMARK [2][-]{subsection.4.2.2}{\376\377\000R\000e\000s\000u\000l\000t\000s\000:\000\040\000S\000i\000m\000u\000l\000a\000t\000i\000o\000n\000s\000\040\000w\000i\000t\000h\000\040\000Q\000i\000s\000k\000i\000t}{section.4.2}% 25
\BOOKMARK [0][-]{chapter.5}{\376\377\000D\000i\000s\000c\000u\000s\000s\000i\000o\000n}{}% 26
\BOOKMARK [0][-]{chapter*.27}{\376\377\000B\000i\000b\000l\000i\000o\000g\000r\000a\000p\000h\000y}{}% 27
\BOOKMARK [0][-]{appendix.A}{\376\377\000H\000a\000m\000i\000l\000t\000o\000n\000i\000a\000n\000\040\000C\000y\000c\000l\000e\000s\000\040\000a\000n\000d\000\040\000L\000o\000c\000a\000t\000i\000n\000g\000\040\000E\000i\000g\000e\000n\000s\000t\000a\000t\000e\000s\000\040\000C\000o\000d\000e}{}% 28
\BOOKMARK [0][-]{appendix.B}{\376\377\000S\000i\000m\000u\000l\000a\000t\000i\000o\000n\000\040\000C\000o\000d\000e\000\040\000w\000i\000t\000h\000\040\000Q\000i\000s\000k\000i\000t}{}% 29
